[17:48:31.232][INFO]: CoT: Successfully identified and loaded ContentTweaker plugin contenttweaker:vanilla
[17:48:31.302][INFO]: CoT: Successfully identified and loaded ContentTweaker plugin contenttweaker:forge
[17:48:31.720][INFO]: Successfully identified and loaded plugin contenttweaker:core
[17:48:31.725][INFO]: Successfully identified and loaded plugin botania:default
[17:48:31.729][INFO]: Successfully identified and loaded plugin jeitweaker:default
[17:48:31.754][INFO]: Successfully identified and loaded plugin crafttweaker:builtin
[17:48:31.757][INFO]: Successfully identified and loaded plugin crafttweaker:builtin_forge
[17:48:33.634][INFO]: The following mods have explicit CraftTweaker support through the default plugin:
[17:48:33.635][INFO]: - 'aquaculture' at version '1.18.2-2.3.12'
[17:48:33.635][INFO]: - 'botania' at version '1.18.2-435'
[17:48:33.635][INFO]: - 'contenttweaker' at version '1.0.0+13'
[17:48:33.635][INFO]: - 'crafttweaker' at version '9.1.209'
[17:48:33.635][INFO]: - 'farmersdelight' at version '1.18.2-1.2.3'
[17:48:33.636][INFO]: - 'jeitweaker' at version '3.0.0.9'
[17:48:33.636][INFO]: - 'pneumaticcraft' at version '1.18.2-3.6.1-29'
[17:48:33.636][INFO]: - 'thermal' at version '9.2.0.46'
[17:48:33.636][INFO]: - 'thermal_foundation' at version '9.2.0.46'
[17:48:34.649][INFO]: Started loading scripts for loader 'contenttweaker'
[17:48:35.232][INFO]: Compiling and executing scripts
[17:48:35.444][INFO]: Successfully initialized modules [crafttweaker, contenttweaker, expansions]
[17:48:35.639][INFO]: Execution for loader 'contenttweaker' completed successfully
[17:48:48.015][INFO]: Started loading scripts for loader 'initialize'
[17:48:48.032][INFO]: Compiling and executing scripts
[17:48:48.034][INFO]: Successfully initialized modules [crafttweaker, expansions]
[17:48:48.040][INFO]: Execution for loader 'initialize' completed successfully
[17:49:29.991][WARN]: Two subcommands with the same ID soundevents found for dump: this it not a critical error
[17:49:29.991][WARN]: Two subcommands with the same ID materials found for dump: this it not a critical error
[17:49:35.111][INFO]: Started loading scripts for loader 'tags'
[17:49:35.123][INFO]: Compiling and executing scripts
[17:49:35.128][INFO]: Successfully initialized modules [crafttweaker, expansions]
[17:49:35.134][INFO]: Execution for loader 'tags' completed successfully
[17:49:38.688][INFO]: Started loading scripts for loader 'crafttweaker'
[17:49:38.698][INFO]: Compiling and executing scripts
[17:49:38.873][INFO]: Successfully initialized modules [mods, crafttweaker, expansions]
[17:49:38.879][INFO]: Execution for loader 'crafttweaker' completed successfully
