[00:00:48] [FTBLibrary-ItemSearch/INFO]: Done updating item list in 2215?s!
[00:01:43] [Server thread/INFO]: Saving and pausing game...
[00:01:43] [Server thread/INFO]: Saving chunks for level 'ServerLevel[New World]'/minecraft:overworld
[00:01:43] [Server thread/INFO]: Saving chunks for level 'ServerLevel[New World]'/minecraft:the_end
[00:01:43] [Server thread/INFO]: Saving chunks for level 'ServerLevel[New World]'/blue_skies:everbright
[00:01:43] [Server thread/INFO]: Saving chunks for level 'ServerLevel[New World]'/bloodmagic:dungeon
[00:01:43] [Server thread/INFO]: Saving chunks for level 'ServerLevel[New World]'/twilightforest:twilight_forest
[00:01:43] [Server thread/INFO]: Saving chunks for level 'ServerLevel[New World]'/tropicraft:tropics
[00:01:43] [Server thread/INFO]: Saving chunks for level 'ServerLevel[New World]'/undergarden:undergarden
[00:01:43] [Server thread/INFO]: Saving chunks for level 'ServerLevel[New World]'/blue_skies:everdawn
[00:01:43] [Server thread/INFO]: Saving chunks for level 'ServerLevel[New World]'/minecraft:the_nether
[00:01:45] [FTBLibrary-ItemSearch/INFO]: Done updating item list in 2308?s!
[00:01:47] [FTBLibrary-ItemSearch/INFO]: Done updating item list in 17608?s!
[00:01:47] [FTBLibrary-ItemSearch/INFO]: Done updating item list in 18068?s!
[00:01:47] [FTBLibrary-ItemSearch/INFO]: Done updating item list in 17363?s!
[00:01:59] [FTBLibrary-ItemSearch/INFO]: Done updating item list in 2131?s!
[00:02:48] [FTBLibrary-ItemSearch/INFO]: Done updating item list in 17097?s!
[00:02:49] [FTBLibrary-ItemSearch/INFO]: Done updating item list in 17536?s!
[00:02:49] [FTBLibrary-ItemSearch/INFO]: Done updating item list in 17223?s!
[00:03:01] [FTBLibrary-ItemSearch/INFO]: Done updating item list in 2218?s!
[00:03:05] [FTBLibrary-ItemSearch/INFO]: Done updating item list in 17491?s!
[00:03:05] [FTBLibrary-ItemSearch/INFO]: Done updating item list in 17565?s!
[00:03:05] [FTBLibrary-ItemSearch/INFO]: Done updating item list in 19110?s!
[00:03:18] [FTBLibrary-ItemSearch/INFO]: Done updating item list in 16870?s!
[00:03:18] [FTBLibrary-ItemSearch/INFO]: Done updating item list in 17339?s!
[00:03:18] [FTBLibrary-ItemSearch/INFO]: Done updating item list in 2112?s!
[00:03:19] [FTBLibrary-ItemSearch/INFO]: Done updating item list in 17762?s!
[00:03:19] [FTBLibrary-ItemSearch/INFO]: Done updating item list in 17390?s!
[00:03:20] [FTBLibrary-ItemSearch/INFO]: Done updating item list in 16782?s!
[00:03:20] [FTBLibrary-ItemSearch/INFO]: Done updating item list in 16902?s!
[00:03:56] [FTBLibrary-ItemSearch/INFO]: Done updating item list in 2145?s!
[00:03:58] [FTBLibrary-ItemSearch/INFO]: Done updating item list in 18375?s!
[00:03:58] [FTBLibrary-ItemSearch/INFO]: Done updating item list in 17259?s!
[00:04:02] [FTBLibrary-ItemSearch/INFO]: Done updating item list in 17765?s!
[00:04:06] [FTBLibrary-ItemSearch/INFO]: Done updating item list in 17726?s!
[00:04:13] [FTBLibrary-ItemSearch/INFO]: Done updating item list in 2260?s!
[00:04:17] [FTBLibrary-ItemSearch/INFO]: Done updating item list in 2443?s!
[00:04:20] [FTBLibrary-ItemSearch/INFO]: Done updating item list in 2301?s!
[00:05:48] [Server thread/INFO]: Saving and pausing game...
[00:05:49] [Server thread/INFO]: Saving chunks for level 'ServerLevel[New World]'/minecraft:overworld
[00:05:49] [Server thread/INFO]: Saving chunks for level 'ServerLevel[New World]'/minecraft:the_end
[00:05:49] [Server thread/INFO]: Saving chunks for level 'ServerLevel[New World]'/blue_skies:everbright
[00:05:49] [Server thread/INFO]: Saving chunks for level 'ServerLevel[New World]'/bloodmagic:dungeon
[00:05:49] [Server thread/INFO]: Saving chunks for level 'ServerLevel[New World]'/twilightforest:twilight_forest
[00:05:49] [Server thread/INFO]: Saving chunks for level 'ServerLevel[New World]'/tropicraft:tropics
[00:05:49] [Server thread/INFO]: Saving chunks for level 'ServerLevel[New World]'/undergarden:undergarden
[00:05:49] [Server thread/INFO]: Saving chunks for level 'ServerLevel[New World]'/blue_skies:everdawn
[00:05:49] [Server thread/INFO]: Saving chunks for level 'ServerLevel[New World]'/minecraft:the_nether
[00:05:51] [FTBLibrary-ItemSearch/INFO]: Done updating item list in 2134?s!
[00:05:52] [FTBLibrary-ItemSearch/INFO]: Done updating item list in 17404?s!
[00:05:53] [FTBLibrary-ItemSearch/INFO]: Done updating item list in 3140?s!
[00:05:53] [FTBLibrary-ItemSearch/INFO]: Done updating item list in 2323?s!
[00:05:53] [FTBLibrary-ItemSearch/INFO]: Done updating item list in 2399?s!
[00:06:21] [FTBLibrary-ItemSearch/INFO]: Done updating item list in 2370?s!
[00:06:45] [FTBLibrary-ItemSearch/INFO]: Done updating item list in 2466?s!
[00:06:47] [FTBLibrary-ItemSearch/INFO]: Done updating item list in 17942?s!
[00:06:48] [FTBLibrary-ItemSearch/INFO]: Done updating item list in 17568?s!
[00:06:48] [FTBLibrary-ItemSearch/INFO]: Done updating item list in 17333?s!
[00:06:48] [FTBLibrary-ItemSearch/INFO]: Done updating item list in 17929?s!
[00:06:49] [FTBLibrary-ItemSearch/INFO]: Done updating item list in 16993?s!
[00:06:54] [FTBLibrary-ItemSearch/INFO]: Done updating item list in 17962?s!
[00:08:06] [FTBLibrary-ItemSearch/INFO]: Done updating item list in 2241?s!
[00:08:07] [FTBLibrary-ItemSearch/INFO]: Done updating item list in 17593?s!
[00:08:08] [FTBLibrary-ItemSearch/INFO]: Done updating item list in 17001?s!
[00:08:08] [FTBLibrary-ItemSearch/INFO]: Done updating item list in 17455?s!
[00:08:09] [FTBLibrary-ItemSearch/INFO]: Done updating item list in 16930?s!
[00:08:48] [FTBLibrary-ItemSearch/INFO]: Done updating item list in 2161?s!
[00:08:50] [FTBLibrary-ItemSearch/INFO]: Done updating item list in 2273?s!
[00:08:52] [FTBLibrary-ItemSearch/INFO]: Done updating item list in 17636?s!
[00:08:53] [FTBLibrary-ItemSearch/INFO]: Done updating item list in 17693?s!
[00:08:54] [FTBLibrary-ItemSearch/INFO]: Done updating item list in 17480?s!
[00:08:54] [FTBLibrary-ItemSearch/INFO]: Done updating item list in 19003?s!
[00:08:55] [FTBLibrary-ItemSearch/INFO]: Done updating item list in 16962?s!
[00:08:56] [FTBLibrary-ItemSearch/INFO]: Done updating item list in 17542?s!
[00:08:56] [FTBLibrary-ItemSearch/INFO]: Done updating item list in 17892?s!
[00:08:56] [FTBLibrary-ItemSearch/INFO]: Done updating item list in 17287?s!
[00:09:15] [FTBLibrary-ItemSearch/INFO]: Done updating item list in 2119?s!
[00:09:17] [FTBLibrary-ItemSearch/INFO]: Done updating item list in 16878?s!
[00:09:17] [FTBLibrary-ItemSearch/INFO]: Done updating item list in 18027?s!
[00:09:17] [FTBLibrary-ItemSearch/INFO]: Done updating item list in 17457?s!
[00:09:17] [FTBLibrary-ItemSearch/INFO]: Done updating item list in 17982?s!
[00:09:18] [FTBLibrary-ItemSearch/INFO]: Done updating item list in 17479?s!
[00:09:18] [FTBLibrary-ItemSearch/INFO]: Done updating item list in 17518?s!
[00:09:18] [FTBLibrary-ItemSearch/INFO]: Done updating item list in 17577?s!
[00:09:22] [FTBLibrary-ItemSearch/INFO]: Done updating item list in 17406?s!
[00:09:22] [FTBLibrary-ItemSearch/INFO]: Done updating item list in 17832?s!
[00:09:22] [FTBLibrary-ItemSearch/INFO]: Done updating item list in 17231?s!
[00:09:22] [FTBLibrary-ItemSearch/INFO]: Done updating item list in 17403?s!
[00:09:23] [FTBLibrary-ItemSearch/INFO]: Done updating item list in 17753?s!
[00:09:23] [FTBLibrary-ItemSearch/INFO]: Done updating item list in 17478?s!
[00:09:23] [FTBLibrary-ItemSearch/INFO]: Done updating item list in 2140?s!
[00:09:23] [FTBLibrary-ItemSearch/INFO]: Done updating item list in 17564?s!
[00:09:24] [FTBLibrary-ItemSearch/INFO]: Done updating item list in 16811?s!
[00:09:24] [FTBLibrary-ItemSearch/INFO]: Done updating item list in 16947?s!
[00:09:24] [FTBLibrary-ItemSearch/INFO]: Done updating item list in 17461?s!
[00:09:24] [FTBLibrary-ItemSearch/INFO]: Done updating item list in 17297?s!
[00:09:25] [FTBLibrary-ItemSearch/INFO]: Done updating item list in 17451?s!
[00:10:24] [Server thread/INFO]: Saving and pausing game...
[00:10:24] [Server thread/INFO]: Saving chunks for level 'ServerLevel[New World]'/minecraft:overworld
[00:10:24] [Server thread/INFO]: Saving chunks for level 'ServerLevel[New World]'/minecraft:the_end
[00:10:24] [Server thread/INFO]: Saving chunks for level 'ServerLevel[New World]'/blue_skies:everbright
[00:10:24] [Server thread/INFO]: Saving chunks for level 'ServerLevel[New World]'/bloodmagic:dungeon
[00:10:24] [Server thread/INFO]: Saving chunks for level 'ServerLevel[New World]'/twilightforest:twilight_forest
[00:10:24] [Server thread/INFO]: Saving chunks for level 'ServerLevel[New World]'/tropicraft:tropics
[00:10:24] [Server thread/INFO]: Saving chunks for level 'ServerLevel[New World]'/undergarden:undergarden
[00:10:24] [Server thread/INFO]: Saving chunks for level 'ServerLevel[New World]'/blue_skies:everdawn
[00:10:24] [Server thread/INFO]: Saving chunks for level 'ServerLevel[New World]'/minecraft:the_nether
[00:10:36] [FTBLibrary-ItemSearch/INFO]: Done updating item list in 2198?s!
[00:10:43] [FTBLibrary-ItemSearch/INFO]: Done updating item list in 17684?s!
[00:10:43] [FTBLibrary-ItemSearch/INFO]: Done updating item list in 18732?s!
[00:10:43] [FTBLibrary-ItemSearch/INFO]: Done updating item list in 17607?s!
[00:10:44] [FTBLibrary-ItemSearch/INFO]: Done updating item list in 17384?s!
[00:10:48] [FTBLibrary-ItemSearch/INFO]: Done updating item list in 17010?s!
[00:10:50] [FTBLibrary-ItemSearch/INFO]: Done updating item list in 17827?s!
[00:12:39] [Server thread/INFO]: Saving and pausing game...
[00:12:39] [Server thread/INFO]: Saving chunks for level 'ServerLevel[New World]'/minecraft:overworld
[00:12:39] [Server thread/INFO]: Saving chunks for level 'ServerLevel[New World]'/minecraft:the_end
[00:12:39] [Server thread/INFO]: Saving chunks for level 'ServerLevel[New World]'/blue_skies:everbright
[00:12:39] [Server thread/INFO]: Saving chunks for level 'ServerLevel[New World]'/bloodmagic:dungeon
[00:12:39] [Server thread/INFO]: Saving chunks for level 'ServerLevel[New World]'/twilightforest:twilight_forest
[00:12:39] [Server thread/INFO]: Saving chunks for level 'ServerLevel[New World]'/tropicraft:tropics
[00:12:39] [Server thread/INFO]: Saving chunks for level 'ServerLevel[New World]'/undergarden:undergarden
[00:12:39] [Server thread/INFO]: Saving chunks for level 'ServerLevel[New World]'/blue_skies:everdawn
[00:12:39] [Server thread/INFO]: Saving chunks for level 'ServerLevel[New World]'/minecraft:the_nether
[00:14:37] [FTBLibrary-ItemSearch/INFO]: Done updating item list in 2348?s!
[00:14:39] [FTBLibrary-ItemSearch/INFO]: Done updating item list in 17607?s!
[00:14:39] [FTBLibrary-ItemSearch/INFO]: Done updating item list in 17358?s!
[00:14:39] [FTBLibrary-ItemSearch/INFO]: Done updating item list in 17662?s!
[00:14:39] [FTBLibrary-ItemSearch/INFO]: Done updating item list in 17520?s!
[00:14:39] [FTBLibrary-ItemSearch/INFO]: Done updating item list in 17201?s!
[00:14:40] [FTBLibrary-ItemSearch/INFO]: Done updating item list in 18462?s!
[00:14:40] [FTBLibrary-ItemSearch/INFO]: Done updating item list in 17964?s!
[00:14:40] [FTBLibrary-ItemSearch/INFO]: Done updating item list in 16887?s!
[00:14:41] [FTBLibrary-ItemSearch/INFO]: Done updating item list in 17076?s!
[00:14:41] [FTBLibrary-ItemSearch/INFO]: Done updating item list in 17672?s!
[00:14:41] [FTBLibrary-ItemSearch/INFO]: Done updating item list in 17818?s!
[00:14:41] [FTBLibrary-ItemSearch/INFO]: Done updating item list in 16978?s!
[00:14:42] [FTBLibrary-ItemSearch/INFO]: Done updating item list in 17115?s!
[00:14:42] [FTBLibrary-ItemSearch/INFO]: Done updating item list in 17993?s!
[00:15:10] [Server thread/INFO]: [ZergPsychotic: Set own game mode to Survival Mode]
[00:15:10] [Render thread/INFO]: [CHAT] Set own game mode to Survival Mode
[00:15:48] [Server thread/INFO]: [ZergPsychotic: Set own game mode to Creative Mode]
[00:15:48] [Render thread/INFO]: [CHAT] Set own game mode to Creative Mode
[00:15:59] [Server thread/INFO]: Saving and pausing game...
[00:15:59] [Server thread/INFO]: Saving chunks for level 'ServerLevel[New World]'/minecraft:overworld
[00:15:59] [Server thread/INFO]: Saving chunks for level 'ServerLevel[New World]'/minecraft:the_end
[00:15:59] [Server thread/INFO]: Saving chunks for level 'ServerLevel[New World]'/blue_skies:everbright
[00:15:59] [Server thread/INFO]: Saving chunks for level 'ServerLevel[New World]'/bloodmagic:dungeon
[00:15:59] [Server thread/INFO]: Saving chunks for level 'ServerLevel[New World]'/twilightforest:twilight_forest
[00:15:59] [Server thread/INFO]: Saving chunks for level 'ServerLevel[New World]'/tropicraft:tropics
[00:15:59] [Server thread/INFO]: Saving chunks for level 'ServerLevel[New World]'/undergarden:undergarden
[00:15:59] [Server thread/INFO]: Saving chunks for level 'ServerLevel[New World]'/blue_skies:everdawn
[00:15:59] [Server thread/INFO]: Saving chunks for level 'ServerLevel[New World]'/minecraft:the_nether
[00:16:04] [Server thread/INFO]: [ZergPsychotic: Set own game mode to Survival Mode]
[00:16:04] [Render thread/INFO]: [CHAT] Set own game mode to Survival Mode
[00:16:25] [Server thread/INFO]: [ZergPsychotic: Set own game mode to Creative Mode]
[00:16:25] [Render thread/INFO]: [CHAT] Set own game mode to Creative Mode
[00:16:56] [Server thread/INFO]: Saving and pausing game...
[00:16:56] [Server thread/INFO]: Saving chunks for level 'ServerLevel[New World]'/minecraft:overworld
[00:16:56] [Server thread/INFO]: Saving chunks for level 'ServerLevel[New World]'/minecraft:the_end
[00:16:56] [Server thread/INFO]: Saving chunks for level 'ServerLevel[New World]'/blue_skies:everbright
[00:16:56] [Server thread/INFO]: Saving chunks for level 'ServerLevel[New World]'/bloodmagic:dungeon
[00:16:56] [Server thread/INFO]: Saving chunks for level 'ServerLevel[New World]'/twilightforest:twilight_forest
[00:16:56] [Server thread/INFO]: Saving chunks for level 'ServerLevel[New World]'/tropicraft:tropics
[00:16:56] [Server thread/INFO]: Saving chunks for level 'ServerLevel[New World]'/undergarden:undergarden
[00:16:56] [Server thread/INFO]: Saving chunks for level 'ServerLevel[New World]'/blue_skies:everdawn
[00:16:56] [Server thread/INFO]: Saving chunks for level 'ServerLevel[New World]'/minecraft:the_nether
[00:16:59] [FTBLibrary-ItemSearch/INFO]: Done updating item list in 2202?s!
[00:17:03] [FTBLibrary-ItemSearch/INFO]: Done updating item list in 20884?s!
[00:17:03] [FTBLibrary-ItemSearch/INFO]: Done updating item list in 16866?s!
[00:17:03] [FTBLibrary-ItemSearch/INFO]: Done updating item list in 17328?s!
[00:17:03] [FTBLibrary-ItemSearch/INFO]: Done updating item list in 17794?s!
[00:17:08] [FTBLibrary-ItemSearch/INFO]: Done updating item list in 17440?s!
[00:17:11] [FTBLibrary-ItemSearch/INFO]: Done updating item list in 17688?s!
[00:17:13] [FTBLibrary-ItemSearch/INFO]: Done updating item list in 16960?s!
[00:17:14] [FTBLibrary-ItemSearch/INFO]: Done updating item list in 17774?s!
[00:18:01] [FTBLibrary-ItemSearch/INFO]: Done updating item list in 2771?s!
[00:19:14] [FTBLibrary-ItemSearch/INFO]: Done updating item list in 2112?s!
[00:19:17] [FTBLibrary-ItemSearch/INFO]: Done updating item list in 17663?s!
[00:19:17] [FTBLibrary-ItemSearch/INFO]: Done updating item list in 17319?s!
[00:19:18] [FTBLibrary-ItemSearch/INFO]: Done updating item list in 17283?s!
[00:19:22] [FTBLibrary-ItemSearch/INFO]: Done updating item list in 2202?s!
[00:19:23] [FTBLibrary-ItemSearch/INFO]: Done updating item list in 17358?s!
[00:19:24] [FTBLibrary-ItemSearch/INFO]: Done updating item list in 17261?s!
[00:19:24] [FTBLibrary-ItemSearch/INFO]: Done updating item list in 16851?s!
[00:19:28] [FTBLibrary-ItemSearch/INFO]: Done updating item list in 2209?s!
[00:19:29] [FTBLibrary-ItemSearch/INFO]: Done updating item list in 17130?s!
[00:19:29] [FTBLibrary-ItemSearch/INFO]: Done updating item list in 17408?s!
[00:19:29] [FTBLibrary-ItemSearch/INFO]: Done updating item list in 17362?s!
[00:19:33] [FTBLibrary-ItemSearch/INFO]: Done updating item list in 2206?s!
[00:19:34] [FTBLibrary-ItemSearch/INFO]: Done updating item list in 17377?s!
[00:19:35] [FTBLibrary-ItemSearch/INFO]: Done updating item list in 17120?s!
[00:19:35] [FTBLibrary-ItemSearch/INFO]: Done updating item list in 16723?s!
[00:19:39] [FTBLibrary-ItemSearch/INFO]: Done updating item list in 2239?s!
[00:19:40] [FTBLibrary-ItemSearch/INFO]: Done updating item list in 17929?s!
[00:19:40] [FTBLibrary-ItemSearch/INFO]: Done updating item list in 17317?s!
[00:19:40] [FTBLibrary-ItemSearch/INFO]: Done updating item list in 17108?s!
[00:20:24] [FTBLibrary-ItemSearch/INFO]: Done updating item list in 2130?s!
[00:21:40] [Server thread/INFO]: Saving and pausing game...
[00:21:40] [Server thread/INFO]: Saving chunks for level 'ServerLevel[New World]'/minecraft:overworld
[00:21:40] [Server thread/INFO]: Saving chunks for level 'ServerLevel[New World]'/minecraft:the_end
[00:21:40] [Server thread/INFO]: Saving chunks for level 'ServerLevel[New World]'/blue_skies:everbright
[00:21:40] [Server thread/INFO]: Saving chunks for level 'ServerLevel[New World]'/bloodmagic:dungeon
[00:21:40] [Server thread/INFO]: Saving chunks for level 'ServerLevel[New World]'/twilightforest:twilight_forest
[00:21:40] [Server thread/INFO]: Saving chunks for level 'ServerLevel[New World]'/tropicraft:tropics
[00:21:40] [Server thread/INFO]: Saving chunks for level 'ServerLevel[New World]'/undergarden:undergarden
[00:21:40] [Server thread/INFO]: Saving chunks for level 'ServerLevel[New World]'/blue_skies:everdawn
[00:21:40] [Server thread/INFO]: Saving chunks for level 'ServerLevel[New World]'/minecraft:the_nether
[00:26:38] [Server thread/INFO]: Saving and pausing game...
[00:26:38] [Server thread/INFO]: Saving chunks for level 'ServerLevel[New World]'/minecraft:overworld
[00:26:38] [Server thread/INFO]: Saving chunks for level 'ServerLevel[New World]'/minecraft:the_end
[00:26:38] [Server thread/INFO]: Saving chunks for level 'ServerLevel[New World]'/blue_skies:everbright
[00:26:38] [Server thread/INFO]: Saving chunks for level 'ServerLevel[New World]'/bloodmagic:dungeon
[00:26:38] [Server thread/INFO]: Saving chunks for level 'ServerLevel[New World]'/twilightforest:twilight_forest
[00:26:38] [Server thread/INFO]: Saving chunks for level 'ServerLevel[New World]'/tropicraft:tropics
[00:26:38] [Server thread/INFO]: Saving chunks for level 'ServerLevel[New World]'/undergarden:undergarden
[00:26:38] [Server thread/INFO]: Saving chunks for level 'ServerLevel[New World]'/blue_skies:everdawn
[00:26:38] [Server thread/INFO]: Saving chunks for level 'ServerLevel[New World]'/minecraft:the_nether
[00:26:40] [Server thread/INFO]: Saving and pausing game...
[00:26:40] [Server thread/INFO]: Saving chunks for level 'ServerLevel[New World]'/minecraft:overworld
[00:26:40] [Server thread/INFO]: Saving chunks for level 'ServerLevel[New World]'/minecraft:the_end
[00:26:40] [Server thread/INFO]: Saving chunks for level 'ServerLevel[New World]'/blue_skies:everbright
[00:26:40] [Server thread/INFO]: Saving chunks for level 'ServerLevel[New World]'/bloodmagic:dungeon
[00:26:40] [Server thread/INFO]: Saving chunks for level 'ServerLevel[New World]'/twilightforest:twilight_forest
[00:26:40] [Server thread/INFO]: Saving chunks for level 'ServerLevel[New World]'/tropicraft:tropics
[00:26:40] [Server thread/INFO]: Saving chunks for level 'ServerLevel[New World]'/undergarden:undergarden
[00:26:40] [Server thread/INFO]: Saving chunks for level 'ServerLevel[New World]'/blue_skies:everdawn
[00:26:40] [Server thread/INFO]: Saving chunks for level 'ServerLevel[New World]'/minecraft:the_nether
[00:26:52] [Server thread/INFO]: Saving and pausing game...
[00:26:52] [Server thread/INFO]: Saving chunks for level 'ServerLevel[New World]'/minecraft:overworld
[00:26:52] [Server thread/INFO]: Saving chunks for level 'ServerLevel[New World]'/minecraft:the_end
[00:26:52] [Server thread/INFO]: Saving chunks for level 'ServerLevel[New World]'/blue_skies:everbright
[00:26:52] [Server thread/INFO]: Saving chunks for level 'ServerLevel[New World]'/bloodmagic:dungeon
[00:26:52] [Server thread/INFO]: Saving chunks for level 'ServerLevel[New World]'/twilightforest:twilight_forest
[00:26:52] [Server thread/INFO]: Saving chunks for level 'ServerLevel[New World]'/tropicraft:tropics
[00:26:52] [Server thread/INFO]: Saving chunks for level 'ServerLevel[New World]'/undergarden:undergarden
[00:26:52] [Server thread/INFO]: Saving chunks for level 'ServerLevel[New World]'/blue_skies:everdawn
[00:26:52] [Server thread/INFO]: Saving chunks for level 'ServerLevel[New World]'/minecraft:the_nether
[00:27:32] [FTBLibrary-ItemSearch/INFO]: Done updating item list in 2394?s!
[00:27:35] [FTBLibrary-ItemSearch/INFO]: Done updating item list in 17345?s!
[00:27:35] [FTBLibrary-ItemSearch/INFO]: Done updating item list in 16876?s!
[00:27:35] [FTBLibrary-ItemSearch/INFO]: Done updating item list in 18079?s!
[00:27:35] [FTBLibrary-ItemSearch/INFO]: Done updating item list in 17598?s!
[00:27:36] [FTBLibrary-ItemSearch/INFO]: Done updating item list in 17804?s!
[00:27:36] [FTBLibrary-ItemSearch/INFO]: Done updating item list in 2147?s!
[00:27:37] [FTBLibrary-ItemSearch/INFO]: Done updating item list in 17246?s!
[00:27:37] [FTBLibrary-ItemSearch/INFO]: Done updating item list in 16880?s!
[00:27:37] [FTBLibrary-ItemSearch/INFO]: Done updating item list in 17075?s!
[00:27:37] [FTBLibrary-ItemSearch/INFO]: Done updating item list in 17399?s!
[00:27:37] [FTBLibrary-ItemSearch/INFO]: Done updating item list in 16783?s!
[00:27:38] [FTBLibrary-ItemSearch/INFO]: Done updating item list in 18098?s!
[00:28:09] [Server thread/INFO]: Saving and pausing game...
[00:28:09] [Server thread/INFO]: Saving chunks for level 'ServerLevel[New World]'/minecraft:overworld
[00:28:09] [Server thread/INFO]: Saving chunks for level 'ServerLevel[New World]'/minecraft:the_end
[00:28:09] [Server thread/INFO]: Saving chunks for level 'ServerLevel[New World]'/blue_skies:everbright
[00:28:09] [Server thread/INFO]: Saving chunks for level 'ServerLevel[New World]'/bloodmagic:dungeon
[00:28:09] [Server thread/INFO]: Saving chunks for level 'ServerLevel[New World]'/twilightforest:twilight_forest
[00:28:09] [Server thread/INFO]: Saving chunks for level 'ServerLevel[New World]'/tropicraft:tropics
[00:28:09] [Server thread/INFO]: Saving chunks for level 'ServerLevel[New World]'/undergarden:undergarden
[00:28:09] [Server thread/INFO]: Saving chunks for level 'ServerLevel[New World]'/blue_skies:everdawn
[00:28:09] [Server thread/INFO]: Saving chunks for level 'ServerLevel[New World]'/minecraft:the_nether
[00:32:29] [Server thread/INFO]: Saving and pausing game...
[00:32:29] [Server thread/INFO]: Saving chunks for level 'ServerLevel[New World]'/minecraft:overworld
[00:32:29] [Server thread/INFO]: Saving chunks for level 'ServerLevel[New World]'/minecraft:the_end
[00:32:29] [Server thread/INFO]: Saving chunks for level 'ServerLevel[New World]'/blue_skies:everbright
[00:32:29] [Server thread/INFO]: Saving chunks for level 'ServerLevel[New World]'/bloodmagic:dungeon
[00:32:29] [Server thread/INFO]: Saving chunks for level 'ServerLevel[New World]'/twilightforest:twilight_forest
[00:32:29] [Server thread/INFO]: Saving chunks for level 'ServerLevel[New World]'/tropicraft:tropics
[00:32:29] [Server thread/INFO]: Saving chunks for level 'ServerLevel[New World]'/undergarden:undergarden
[00:32:29] [Server thread/INFO]: Saving chunks for level 'ServerLevel[New World]'/blue_skies:everdawn
[00:32:29] [Server thread/INFO]: Saving chunks for level 'ServerLevel[New World]'/minecraft:the_nether
[00:32:30] [Render thread/INFO]: JEI StartEventObserver received class net.minecraftforge.client.event.ClientPlayerNetworkEvent$LoggedOutEvent
[00:32:30] [Render thread/INFO]: JEI StartEventObserver transitioning state from JEI_STARTED to DISABLED
[00:32:30] [Render thread/INFO]: Stopping JEI
[00:32:30] [Render thread/INFO]: [voicechat] Clearing audio channels
[00:32:30] [Render thread/INFO]: [voicechat] Stopping microphone thread
[00:32:30] [Render thread/INFO]: [voicechat] Disconnecting voicechat
[00:32:30] [Server thread/INFO]: ZergPsychotic lost connection: Disconnected
[00:32:30] [Server thread/INFO]: ZergPsychotic left the game
[00:32:30] [Server thread/INFO]: [voicechat] Disconnecting client ZergPsychotic
[00:32:30] [Server thread/INFO]: Stopping singleplayer server as player logged out
[00:32:30] [Server thread/INFO]: Stopping server
[00:32:30] [Server thread/INFO]: Saving players
[00:32:30] [Server thread/INFO]: Saving worlds
[00:32:30] [Server thread/INFO]: Saving chunks for level 'ServerLevel[New World]'/minecraft:overworld
[00:32:34] [Server thread/INFO]: Saving chunks for level 'ServerLevel[New World]'/minecraft:the_end
[00:32:34] [Server thread/INFO]: Saving chunks for level 'ServerLevel[New World]'/blue_skies:everbright
[00:32:34] [Server thread/INFO]: Saving chunks for level 'ServerLevel[New World]'/bloodmagic:dungeon
[00:32:34] [Server thread/INFO]: Saving chunks for level 'ServerLevel[New World]'/twilightforest:twilight_forest
[00:32:34] [Server thread/INFO]: Saving chunks for level 'ServerLevel[New World]'/tropicraft:tropics
[00:32:34] [Server thread/INFO]: Saving chunks for level 'ServerLevel[New World]'/undergarden:undergarden
[00:32:34] [Server thread/INFO]: Saving chunks for level 'ServerLevel[New World]'/blue_skies:everdawn
[00:32:34] [Server thread/INFO]: Saving chunks for level 'ServerLevel[New World]'/minecraft:the_nether
[00:32:34] [Server thread/INFO]: ThreadedAnvilChunkStorage (New World): All chunks are saved
[00:32:34] [Server thread/INFO]: ThreadedAnvilChunkStorage (DIM1): All chunks are saved
[00:32:34] [Server thread/INFO]: ThreadedAnvilChunkStorage (everbright): All chunks are saved
[00:32:34] [Server thread/INFO]: ThreadedAnvilChunkStorage (dungeon): All chunks are saved
[00:32:34] [Server thread/INFO]: ThreadedAnvilChunkStorage (twilight_forest): All chunks are saved
[00:32:34] [Server thread/INFO]: ThreadedAnvilChunkStorage (tropics): All chunks are saved
[00:32:34] [Server thread/INFO]: ThreadedAnvilChunkStorage (undergarden): All chunks are saved
[00:32:34] [Server thread/INFO]: ThreadedAnvilChunkStorage (everdawn): All chunks are saved
[00:32:34] [Server thread/INFO]: ThreadedAnvilChunkStorage (DIM-1): All chunks are saved
[00:32:34] [Server thread/INFO]: ThreadedAnvilChunkStorage: All dimensions are saved
[00:32:37] [Server thread/INFO]: Unloading server configs...
[00:32:39] [Render thread/INFO]: Stopping!
[00:32:40] [Render thread/INFO]: Shutting down map thread
